* ******************************************************************************

* iCEcube Report

* Version:            2020.12.27943

* Build Date:         Dec 10 2020 17:24:17

* File Generated:     Mar 10 2024 13:07:24

* Purpose:            General info of design implementation

* Copyright (C) 2006-2010 by Lattice Semiconductor Corp. All rights reserved.

* ******************************************************************************

Synthesis/Placement Summary:
----------------------------
    Status:  Successful
    Runtime: 2 seconds

Device Info:
------------
    Device Family: iCE40UP
    Device:        iCE40UP5K
    Package:       UWG30

Design statistics:
------------------
    FFs:                  597
    LUTs:                 1831
    RAMs:                 4
    IOBs:                 4
    GBs:                  8
    PLLs:                 0
    Warm Boots:           0
    SPIs:                 0
    I2Cs:                 0
    HFOSCs:               0
    LFOSCs:               0
    RGBA_DRVs:            1
    LEDDA_IPs:            0
    DSPs:                 0
    SPRAMs:               0
    FILTER_50NSs:         0

Logic Resource Utilization:
---------------------------
    Total Logic Cells: 1833/5280
        Combinational Logic Cells: 1236     out of   5280      23.4091%
        Sequential Logic Cells:    597      out of   5280      11.3068%
        Logic Tiles:               289      out of   660       43.7879%
    Registers: 
        Logic Registers:           597      out of   5280      11.3068%
        IO Registers:              0        out of   480       0
    Block RAMs:                    4        out of   30        13.3333%
    Warm Boots:                    0        out of   1         0%
    SPIs:                          0        out of   2         0%
    I2Cs:                          0        out of   2         0%
    HFOSCs:                        0        out of   1         0%
    LFOSCs:                        0        out of   1         0%
    RGBA_DRVs:                     1        out of   1         100%
    LEDDA_IPs:                     0        out of   1         0%
    DSPs:                          0        out of   8         0%
    SPRAMs:                        0        out of   4         0%
    FILTER_50NSs:                  0        out of   2         0%
    Pins:
        Input Pins:                1        out of   21        4.7619%
        Output Pins:               1        out of   21        4.7619%
        InOut Pins:                2        out of   21        9.52381%
    Global Buffers:                8        out of   8         100%
    PLLs:                          0        out of   1         0%

IO Bank Utilization:
--------------------
    Bank 3: 0        out of   0         0%
    Bank 1: 0        out of   0         0%
    Bank 0: 3        out of   7         42.8571%
    Bank 2: 1        out of   14        7.14286%

Detailed I/O Info:
------------------
    Input Pins: 
    Pin Number  Direction  IO Standard  Pull Up  IO Bank  IO Function                                Signal Name
    ----------  ---------  -----------  -------  -------  -----------                                -----------
    F4          Input      SB_LVCMOS    No       2        Simple Input                               clki       

    Output Pins: 
    Pin Number  Direction  IO Standard  Pull Up  IO Bank  IO Function                                Signal Name
    ----------  ---------  -----------  -------  -------  -----------                                -----------
    A4          Output     SB_LVCMOS    No       0        Output Tristatable by Enable               usb_dp_pu  

    Inoutput Pins: 
    Pin Number  Direction  IO Standard  Pull Up  IO Bank  IO Function                                Signal Name
    ----------  ---------  -----------  -------  -------  -----------                                -----------
    A1          InOut      SB_LVCMOS    No       0        Simple Input Output Tristatable by Enable  usb_dp     
    A2          InOut      SB_LVCMOS    No       0        Simple Input Output Tristatable by Enable  usb_dn     

Detailed Global Buffer Info:
----------------------------
    Buffer Number  IO Bank  Driven By  Fanout  Signal Name                                              
    -------------  -------  ---------  ------  -----------                                              
    5              2                   36      u_usb_cdc.u_sie.in_zlp_q_0_sqmuxa_g                      
    6              2                   365     u_usb_cdc.bus_reset_g                                    
    4              0                   20      u_usb_cdc.u_bulk_endps_0__u_bulk_endp.app_rstn_sq_i_g_0  
    3              0                   97      u_usb_cdc.clk_gate_q_g                                   
    1              0                   24      u_app.un32_0_g                                           
    7              2                   32      u_app.un27_0_g                                           
    0              2                   434     clk                                                      
    2              0                   170     clk_12mhz_g                                              


Router Summary:
---------------
    Status:  Successful
    Runtime: 13 seconds

Routing Resource Utilization:
-----------------------------
              Local line of tile    13371 out of 110555      12.0944%
                          Span 4     3113 out of  23008      13.5301%
                         Span 12      391 out of   4464      8.75896%
                  Global network        8 out of      8      100%
      Vertical Inter-LUT Connect      534 out of   4620      11.5584%

