* ******************************************************************************

* iCEcube Report

* Version:            2020.12.27943

* Build Date:         Dec 10 2020 17:24:17

* File Generated:     Feb 19 2024 22:00:59

* Purpose:            General info of design implementation

* Copyright (C) 2006-2010 by Lattice Semiconductor Corp. All rights reserved.

* ******************************************************************************

Synthesis/Placement Summary:
----------------------------
    Status:  Successful
    Runtime: 2 seconds

Device Info:
------------
    Device Family: iCE40
    Device:        iCE40LP8K
    Package:       CM81

Design statistics:
------------------
    FFs:                  530
    LUTs:                 1374
    RAMs:                 0
    IOBs:                 9
    GBs:                  7
    PLLs:                 1
    Warm Boots:           1

Logic Resource Utilization:
---------------------------
    Total Logic Cells: 1376/7680
        Combinational Logic Cells: 846      out of   7680      11.0156%
        Sequential Logic Cells:    530      out of   7680      6.90104%
        Logic Tiles:               258      out of   960       26.875%
    Registers: 
        Logic Registers:           530      out of   7680      6.90104%
        IO Registers:              0        out of   1280      0
    Block RAMs:                    0        out of   32        0%
    Warm Boots:                    1        out of   1         0%
    Pins:
        Input Pins:                2        out of   63        3.1746%
        Output Pins:               5        out of   63        7.93651%
        InOut Pins:                2        out of   63        3.1746%
    Global Buffers:                7        out of   8         87.5%
    PLLs:                          1        out of   1         100%

IO Bank Utilization:
--------------------
    Bank 3: 1        out of   18        5.55556%
    Bank 1: 0        out of   15        0%
    Bank 0: 4        out of   17        23.5294%
    Bank 2: 4        out of   13        30.7692%

Detailed I/O Info:
------------------
    Input Pins: 
    Pin Number  Direction  IO Standard  Pull Up  IO Bank  IO Function                                Signal Name
    ----------  ---------  -----------  -------  -------  -----------                                -----------
    B2          Input      SB_LVCMOS    No       3        Simple Input                               clk     
    H7          Input      SB_LVCMOS    No       2        Simple Input                               sdi     

    Output Pins: 
    Pin Number  Direction  IO Standard  Pull Up  IO Bank  IO Function                                Signal Name
    ----------  ---------  -----------  -------  -------  -----------                                -----------
    A3          Output     SB_LVCMOS    No       0        Output Tristatable by Enable               usb_pu  
    B3          Output     SB_LVCMOS    No       0        Simple Output                              led     
    F7          Output     SB_LVCMOS    No       2        Simple Output                              ss      
    G6          Output     SB_LVCMOS    No       2        Simple Output                              sdo     
    G7          Output     SB_LVCMOS    No       2        Simple Output                              sck     

    Inoutput Pins: 
    Pin Number  Direction  IO Standard  Pull Up  IO Bank  IO Function                                Signal Name
    ----------  ---------  -----------  -------  -------  -----------                                -----------
    A4          InOut      SB_LVCMOS    No       0        Simple Input Output Tristatable by Enable  usb_n   
    B4          InOut      SB_LVCMOS    No       0        Simple Input Output Tristatable by Enable  usb_p   

Detailed Global Buffer Info:
----------------------------
    Buffer Number  IO Bank  Driven By  Fanout  Signal Name                          
    -------------  -------  ---------  ------  -----------                          
    5              2                   113     clk_c_g                              
    3              3                   24      u_usb_cdc.u_sie.u_phy_rx.N_454_0_g   
    1              0                   36      u_usb_cdc.u_sie.in_zlp_q_0_sqmuxa_g  
    0              2                   342     u_usb_cdc.rstn_i_g                   
    2              1                   72      u_usb_cdc.rstn_sq_i_g_0              
    7              1                   102     u_usb_cdc.clk_gate_g                 
    4              0                   94      u_app.rstn_sq_i_g_0                  


Router Summary:
---------------
    Status:  Successful
    Runtime: 16 seconds

Routing Resource Utilization:
-----------------------------
              Local line of tile     9767 out of 146184      6.68131%
                          Span 4     2320 out of  29696      7.8125%
                         Span 12      362 out of   5632      6.42756%
                  Global network        8 out of      8      100%
      Vertical Inter-LUT Connect      286 out of   6720      4.25595%

