* ******************************************************************************

* iCEcube Report

* Version:            2020.12.27943

* Build Date:         Dec 10 2020 17:24:17

* File Generated:     Jan 10 2022 22:06:32

* Purpose:            General info of design implementation

* Copyright (C) 2006-2010 by Lattice Semiconductor Corp. All rights reserved.

* ******************************************************************************

Synthesis/Placement Summary:
----------------------------
    Status:  Successful
    Runtime: 2 seconds

Device Info:
------------
    Device Family: iCE40
    Device:        iCE40LP8K
    Package:       CM81

Design statistics:
------------------
    FFs:                  536
    LUTs:                 1707
    RAMs:                 4
    IOBs:                 5
    GBs:                  7
    PLLs:                 1
    Warm Boots:           0

Logic Resource Utilization:
---------------------------
    Total Logic Cells: 1711/7680
        Combinational Logic Cells: 1175     out of   7680      15.2995%
        Sequential Logic Cells:    536      out of   7680      6.97917%
        Logic Tiles:               266      out of   960       27.7083%
    Registers: 
        Logic Registers:           536      out of   7680      6.97917%
        IO Registers:              0        out of   1280      0
    Block RAMs:                    4        out of   32        12.5%
    Warm Boots:                    0        out of   1         0%
    Pins:
        Input Pins:                1        out of   63        1.5873%
        Output Pins:               2        out of   63        3.1746%
        InOut Pins:                2        out of   63        3.1746%
    Global Buffers:                7        out of   8         87.5%
    PLLs:                          1        out of   1         100%

IO Bank Utilization:
--------------------
    Bank 3: 1        out of   18        5.55556%
    Bank 1: 0        out of   15        0%
    Bank 0: 4        out of   17        23.5294%
    Bank 2: 0        out of   13        0%

Detailed I/O Info:
------------------
    Input Pins: 
    Pin Number  Direction  IO Standard  Pull Up  IO Bank  IO Function                                Signal Name
    ----------  ---------  -----------  -------  -------  -----------                                -----------
    B2          Input      SB_LVCMOS    No       3        Simple Input                               clk     

    Output Pins: 
    Pin Number  Direction  IO Standard  Pull Up  IO Bank  IO Function                                Signal Name
    ----------  ---------  -----------  -------  -------  -----------                                -----------
    A3          Output     SB_LVCMOS    No       0        Output Tristatable by Enable               usb_pu  
    B3          Output     SB_LVCMOS    No       0        Simple Output                              led     

    Inoutput Pins: 
    Pin Number  Direction  IO Standard  Pull Up  IO Bank  IO Function                                Signal Name
    ----------  ---------  -----------  -------  -------  -----------                                -----------
    A4          InOut      SB_LVCMOS    No       0        Simple Input Output Tristatable by Enable  usb_n   
    B4          InOut      SB_LVCMOS    No       0        Simple Input Output Tristatable by Enable  usb_p   

Detailed Global Buffer Info:
----------------------------
    Buffer Number  IO Bank  Driven By  Fanout  Signal Name                     
    -------------  -------  ---------  ------  -----------                     
    5              2                   4       clk_c_g                         
    3              3                   56      u_usb_cdc.u_sie.clk_gate_0_i_g  
    0              2                   323     u_usb_cdc.rstn_i_g              
    1              0                   84      u_usb_cdc.N_62_0_g              
    2              1                   54      u_usb_cdc.rstn_sq_i_g_0         
    4              0                   138     u_app.rstn_sq_i_g_0             
    7              1                   163     clk_2mhz_g                      


Router Summary:
---------------
    Status:  Successful
    Runtime: 20 seconds

Routing Resource Utilization:
-----------------------------
              Local line of tile    12593 out of 146184      8.61449%
                          Span 4     2998 out of  29696      10.0956%
                         Span 12      392 out of   5632      6.96023%
                  Global network        8 out of      8      100%
      Vertical Inter-LUT Connect      493 out of   6720      7.33631%

