* ******************************************************************************

* iCEcube Report

* Version:            2020.12.27943

* Build Date:         Dec 10 2020 17:24:17

* File Generated:     Dec 10 2023 21:14:41

* Purpose:            General info of design implementation

* Copyright (C) 2006-2010 by Lattice Semiconductor Corp. All rights reserved.

* ******************************************************************************

Synthesis/Placement Summary:
----------------------------
    Status:  Successful
    Runtime: 5 seconds

Device Info:
------------
    Device Family: iCE40
    Device:        iCE40LP8K
    Package:       CM81

Design statistics:
------------------
    FFs:                  1668
    LUTs:                 4240
    RAMs:                 0
    IOBs:                 5
    GBs:                  7
    PLLs:                 1
    Warm Boots:           0

Logic Resource Utilization:
---------------------------
    Total Logic Cells: 4249/7680
        Combinational Logic Cells: 2581     out of   7680      33.6068%
        Sequential Logic Cells:    1668     out of   7680      21.7188%
        Logic Tiles:               754      out of   960       78.5417%
    Registers: 
        Logic Registers:           1668     out of   7680      21.7188%
        IO Registers:              0        out of   1280      0
    Block RAMs:                    0        out of   32        0%
    Warm Boots:                    0        out of   1         0%
    Pins:
        Input Pins:                1        out of   63        1.5873%
        Output Pins:               2        out of   63        3.1746%
        InOut Pins:                2        out of   63        3.1746%
    Global Buffers:                7        out of   8         87.5%
    PLLs:                          1        out of   1         100%

IO Bank Utilization:
--------------------
    Bank 3: 1        out of   18        5.55556%
    Bank 1: 0        out of   15        0%
    Bank 0: 4        out of   17        23.5294%
    Bank 2: 0        out of   13        0%

Detailed I/O Info:
------------------
    Input Pins: 
    Pin Number  Direction  IO Standard  Pull Up  IO Bank  IO Function                                Signal Name
    ----------  ---------  -----------  -------  -------  -----------                                -----------
    B2          Input      SB_LVCMOS    No       3        Simple Input                               clk     

    Output Pins: 
    Pin Number  Direction  IO Standard  Pull Up  IO Bank  IO Function                                Signal Name
    ----------  ---------  -----------  -------  -------  -----------                                -----------
    A3          Output     SB_LVCMOS    No       0        Output Tristatable by Enable               usb_pu  
    B3          Output     SB_LVCMOS    No       0        Simple Output                              led     

    Inoutput Pins: 
    Pin Number  Direction  IO Standard  Pull Up  IO Bank  IO Function                                Signal Name
    ----------  ---------  -----------  -------  -------  -----------                                -----------
    A4          InOut      SB_LVCMOS    No       0        Simple Input Output Tristatable by Enable  usb_n   
    B4          InOut      SB_LVCMOS    No       0        Simple Input Output Tristatable by Enable  usb_p   

Detailed Global Buffer Info:
----------------------------
    Buffer Number  IO Bank  Driven By  Fanout  Signal Name                                            
    -------------  -------  ---------  ------  -----------                                            
    2              1                   1511    u_usb_cdc.rstn_i_g                                     
    3              3                   83      u_usb_cdc.u_bulk_endps_6__u_bulk_endp.out_ready_i_1_g  
    1              0                   83      u_usb_cdc.u_bulk_endps_5__u_bulk_endp.out_ready_i_1_g  
    7              1                   83      u_usb_cdc.u_bulk_endps_1__u_bulk_endp.out_ready_i_1_g  
    4              0                   98      u_usb_cdc.app_rstn_sq_i_g_0                            
    5              2                   83      u_usb_cdc.u_bulk_endps_0__u_bulk_endp.out_ready_i_1_g  
    0              2                   1566    clk_div4_g                                             


Router Summary:
---------------
    Status:  Successful
    Runtime: 30 seconds

Routing Resource Utilization:
-----------------------------
              Local line of tile    29190 out of 146184      19.968%
                          Span 4     6649 out of  29696      22.3902%
                         Span 12      933 out of   5632      16.5661%
                  Global network        8 out of      8      100%
      Vertical Inter-LUT Connect      860 out of   6720      12.7976%

