
icetime topological timing analysis report
==========================================

Info: max_span_hack is enabled: estimate is conservative.

Report for critical path:
-------------------------

        lc40_7_11_5 (LogicCell40) [clk] -> lcout: 0.896 ns
     0.896 ns net_25805 (u_usb_cdc.endp[0])
        t2804 (LocalMux) I -> O: 0.486 ns
        inmux_7_11_29931_29975 (InMux) I -> O: 0.382 ns
        lc40_7_11_4 (LogicCell40) in0 -> lcout: 0.662 ns
     2.426 ns net_25804 (u_usb_cdc.ctrl_stall_SB_LUT4_I3_1_I2[1])
        odrv_7_11_25804_21858 (Odrv4) I -> O: 0.548 ns
        t2814 (Span4Mux_v4) I -> O: 0.548 ns
        t2813 (LocalMux) I -> O: 0.486 ns
        inmux_9_10_37287_37316 (InMux) I -> O: 0.382 ns
        lc40_9_10_1 (LogicCell40) in1 -> lcout: 0.589 ns
     4.979 ns net_33612 (u_usb_cdc.u_ctrl_endp.in_req_q_SB_LUT4_I2_O[1])
        t3083 (LocalMux) I -> O: 0.486 ns
        inmux_9_9_37162_37210 (InMux) I -> O: 0.382 ns
        lc40_9_9_4 (LogicCell40) in0 -> lcout: 0.662 ns
     6.509 ns net_33513 (u_usb_cdc.ctrl_stall_SB_LUT4_I3_1_O_SB_LUT4_I2_2_O_SB_LUT4_O_1_I3[2])
        t3056 (LocalMux) I -> O: 0.486 ns
        inmux_9_8_37042_37081 (InMux) I -> O: 0.382 ns
        lc40_9_8_3 (LogicCell40) in0 -> lcout: 0.662 ns
     8.039 ns net_33410 (u_usb_cdc.ctrl_stall_SB_LUT4_I3_1_O_SB_LUT4_I2_2_O[1])
        t2998 (LocalMux) I -> O: 0.486 ns
        inmux_9_8_37049_37105 (InMux) I -> O: 0.382 ns
        lc40_9_8_7 (LogicCell40) in0 -> lcout: 0.662 ns
     9.569 ns net_33414 (u_usb_cdc.u_sie.clk_gate_SB_LUT4_O_I2_SB_LUT4_I3_O[0])
        odrv_9_8_33414_33573 (Odrv4) I -> O: 0.548 ns
        t3050 (Span4Mux_h4) I -> O: 0.465 ns
        t3049 (Span4Mux_v4) I -> O: 0.548 ns
        t3048 (LocalMux) I -> O: 0.486 ns
        inmux_4_10_17589_17621 (InMux) I -> O: 0.382 ns
        lc40_4_10_4 (LogicCell40) in0 -> lcout: 0.662 ns
    12.659 ns net_13450 (u_usb_cdc.ctrl_stall_SB_LUT4_I1_I3[2])
        t1828 (LocalMux) I -> O: 0.486 ns
        inmux_3_10_13507_13522 (InMux) I -> O: 0.382 ns
        t238 (CascadeMux) I -> O: 0.000 ns
        lc40_3_10_0 (LogicCell40) in2 -> lcout: 0.558 ns
    14.086 ns net_9369 (u_usb_cdc.u_ctrl_endp.req_q_SB_DFFS_Q_D_SB_LUT4_O_I2_SB_LUT4_O_I2[1])
        t1613 (LocalMux) I -> O: 0.486 ns
        inmux_3_9_13372_13410 (InMux) I -> O: 0.382 ns
        lc40_3_9_2 (LogicCell40) in1 -> lcout: 0.589 ns
    15.543 ns net_9248 (u_usb_cdc.u_ctrl_endp.req_q_SB_DFFR_Q_D_SB_LUT4_O_I3_SB_LUT4_O_I1_SB_LUT4_O_1_I3_SB_LUT4_I3_I1[0])
        t1588 (LocalMux) I -> O: 0.486 ns
        inmux_3_8_13243_13298 (InMux) I -> O: 0.382 ns
        lc40_3_8_4 (LogicCell40) in0 -> lcout: 0.662 ns
    17.073 ns net_9127 (u_usb_cdc.u_ctrl_endp.max_length_q_SB_DFFER_Q_E)
        odrv_3_8_9127_4880 (Odrv4) I -> O: 0.548 ns
        t1579 (Span4Mux_h4) I -> O: 0.465 ns
        t1578 (Span4Mux_v4) I -> O: 0.548 ns
        t1577 (LocalMux) I -> O: 0.486 ns
        inmux_4_9_17468_17520 (CEMux) I -> O: 0.889 ns
    20.009 ns net_17520 (u_usb_cdc.u_ctrl_endp.max_length_q_SB_DFFER_Q_E)
        lc40_4_9_7 (LogicCell40) ce [setup]: 0.000 ns
    20.009 ns net_13330 (u_usb_cdc.u_ctrl_endp.max_length_q[2])

Resolvable net names on path:
     0.896 ns ..  1.764 ns u_usb_cdc.endp[0]
     2.426 ns ..  4.390 ns u_usb_cdc.ctrl_stall_SB_LUT4_I3_1_I2[1]
     4.979 ns ..  5.847 ns u_usb_cdc.u_ctrl_endp.in_req_q_SB_LUT4_I2_O[1]
     6.509 ns ..  7.377 ns u_usb_cdc.ctrl_stall_SB_LUT4_I3_1_O_SB_LUT4_I2_2_O_SB_LUT4_O_1_I3[2]
     8.039 ns ..  8.907 ns u_usb_cdc.ctrl_stall_SB_LUT4_I3_1_O_SB_LUT4_I2_2_O[1]
     9.569 ns .. 11.998 ns u_usb_cdc.u_sie.clk_gate_SB_LUT4_O_I2_SB_LUT4_I3_O[0]
    12.659 ns .. 13.528 ns u_usb_cdc.ctrl_stall_SB_LUT4_I1_I3[2]
    14.086 ns .. 14.954 ns u_usb_cdc.u_ctrl_endp.req_q_SB_DFFS_Q_D_SB_LUT4_O_I2_SB_LUT4_O_I2[1]
    15.543 ns .. 16.412 ns u_usb_cdc.u_ctrl_endp.req_q_SB_DFFR_Q_D_SB_LUT4_O_I3_SB_LUT4_O_I1_SB_LUT4_O_1_I3_SB_LUT4_I3_I1[0]
    17.073 ns .. 20.009 ns u_usb_cdc.u_ctrl_endp.max_length_q_SB_DFFER_Q_E
                  lcout -> u_usb_cdc.u_ctrl_endp.max_length_q[2]

Total number of logic levels: 10
Total path delay: 20.01 ns (49.98 MHz)

