* ******************************************************************************

* iCEcube Report

* Version:            2020.12.27943

* Build Date:         Dec 10 2020 17:24:17

* File Generated:     Jan 10 2022 22:41:13

* Purpose:            General info of design implementation

* Copyright (C) 2006-2010 by Lattice Semiconductor Corp. All rights reserved.

* ******************************************************************************

Synthesis/Placement Summary:
----------------------------
    Status:  Successful
    Runtime: 2 seconds

Device Info:
------------
    Device Family: iCE40UP
    Device:        iCE40UP5K
    Package:       UWG30

Design statistics:
------------------
    FFs:                  456
    LUTs:                 1288
    RAMs:                 0
    IOBs:                 4
    GBs:                  8
    PLLs:                 0
    Warm Boots:           0
    SPIs:                 0
    I2Cs:                 0
    HFOSCs:               0
    LFOSCs:               0
    RGBA_DRVs:            1
    LEDDA_IPs:            0
    DSPs:                 0
    SPRAMs:               0
    FILTER_50NSs:         0

Logic Resource Utilization:
---------------------------
    Total Logic Cells: 1291/5280
        Combinational Logic Cells: 835      out of   5280      15.8144%
        Sequential Logic Cells:    456      out of   5280      8.63636%
        Logic Tiles:               217      out of   660       32.8788%
    Registers: 
        Logic Registers:           456      out of   5280      8.63636%
        IO Registers:              0        out of   480       0
    Block RAMs:                    0        out of   30        0%
    Warm Boots:                    0        out of   1         0%
    SPIs:                          0        out of   2         0%
    I2Cs:                          0        out of   2         0%
    HFOSCs:                        0        out of   1         0%
    LFOSCs:                        0        out of   1         0%
    RGBA_DRVs:                     1        out of   1         100%
    LEDDA_IPs:                     0        out of   1         0%
    DSPs:                          0        out of   8         0%
    SPRAMs:                        0        out of   4         0%
    FILTER_50NSs:                  0        out of   2         0%
    Pins:
        Input Pins:                1        out of   21        4.7619%
        Output Pins:               1        out of   21        4.7619%
        InOut Pins:                2        out of   21        9.52381%
    Global Buffers:                8        out of   8         100%
    PLLs:                          0        out of   1         0%

IO Bank Utilization:
--------------------
    Bank 3: 0        out of   0         0%
    Bank 1: 0        out of   0         0%
    Bank 0: 3        out of   7         42.8571%
    Bank 2: 1        out of   14        7.14286%

Detailed I/O Info:
------------------
    Input Pins: 
    Pin Number  Direction  IO Standard  Pull Up  IO Bank  IO Function                                Signal Name
    ----------  ---------  -----------  -------  -------  -----------                                -----------
    F4          Input      SB_LVCMOS    No       2        Simple Input                               clki       

    Output Pins: 
    Pin Number  Direction  IO Standard  Pull Up  IO Bank  IO Function                                Signal Name
    ----------  ---------  -----------  -------  -------  -----------                                -----------
    A4          Output     SB_LVCMOS    No       0        Output Tristatable by Enable               usb_dp_pu  

    Inoutput Pins: 
    Pin Number  Direction  IO Standard  Pull Up  IO Bank  IO Function                                Signal Name
    ----------  ---------  -----------  -------  -------  -----------                                -----------
    A1          InOut      SB_LVCMOS    No       0        Simple Input Output Tristatable by Enable  usb_dp     
    A2          InOut      SB_LVCMOS    No       0        Simple Input Output Tristatable by Enable  usb_dn     

Detailed Global Buffer Info:
----------------------------
    Buffer Number  IO Bank  Driven By  Fanout  Signal Name                          
    -------------  -------  ---------  ------  -----------                          
    4              0                   324     u_usb_cdc.usb_reset_g                
    5              2                   56      u_usb_cdc.u_sie.clk_gate_0_i_g       
    3              0                   34      u_usb_cdc.u_sie.u_phy_rx.clk_gate_g  
    1              0                   47      u_usb_cdc.u_ctrl_endp.clk_gate_g     
    7              2                   83      u_usb_cdc.bulk_out_ready_g           
    0              2                   379     clk                                  
    2              0                   24      clk_3mhz_g                           
    6              2                   54      clk_12mhz_g                          


Router Summary:
---------------
    Status:  Successful
    Runtime: 13 seconds

Routing Resource Utilization:
-----------------------------
              Local line of tile     8951 out of 110555      8.09642%
                          Span 4     1931 out of  23008      8.39273%
                         Span 12      267 out of   4464      5.98118%
                  Global network        8 out of      8      100%
      Vertical Inter-LUT Connect      307 out of   4620      6.64502%

