* ******************************************************************************

* iCEcube Report

* Version:            2020.12.27943

* Build Date:         Dec 10 2020 17:24:17

* File Generated:     Dec 10 2023 15:50:05

* Purpose:            General info of design implementation

* Copyright (C) 2006-2010 by Lattice Semiconductor Corp. All rights reserved.

* ******************************************************************************

Synthesis/Placement Summary:
----------------------------
    Status:  Successful
    Runtime: 2 seconds

Device Info:
------------
    Device Family: iCE40
    Device:        iCE40LP8K
    Package:       CM81

Design statistics:
------------------
    FFs:                  407
    LUTs:                 1164
    RAMs:                 0
    IOBs:                 5
    GBs:                  7
    PLLs:                 1
    Warm Boots:           0

Logic Resource Utilization:
---------------------------
    Total Logic Cells: 1167/7680
        Combinational Logic Cells: 760      out of   7680      9.89583%
        Sequential Logic Cells:    407      out of   7680      5.29948%
        Logic Tiles:               229      out of   960       23.8542%
    Registers: 
        Logic Registers:           407      out of   7680      5.29948%
        IO Registers:              0        out of   1280      0
    Block RAMs:                    0        out of   32        0%
    Warm Boots:                    0        out of   1         0%
    Pins:
        Input Pins:                1        out of   63        1.5873%
        Output Pins:               2        out of   63        3.1746%
        InOut Pins:                2        out of   63        3.1746%
    Global Buffers:                7        out of   8         87.5%
    PLLs:                          1        out of   1         100%

IO Bank Utilization:
--------------------
    Bank 3: 1        out of   18        5.55556%
    Bank 1: 0        out of   15        0%
    Bank 0: 4        out of   17        23.5294%
    Bank 2: 0        out of   13        0%

Detailed I/O Info:
------------------
    Input Pins: 
    Pin Number  Direction  IO Standard  Pull Up  IO Bank  IO Function                                Signal Name
    ----------  ---------  -----------  -------  -------  -----------                                -----------
    B2          Input      SB_LVCMOS    No       3        Simple Input                               clk     

    Output Pins: 
    Pin Number  Direction  IO Standard  Pull Up  IO Bank  IO Function                                Signal Name
    ----------  ---------  -----------  -------  -------  -----------                                -----------
    A3          Output     SB_LVCMOS    No       0        Output Tristatable by Enable               usb_pu  
    B3          Output     SB_LVCMOS    No       0        Simple Output                              led     

    Inoutput Pins: 
    Pin Number  Direction  IO Standard  Pull Up  IO Bank  IO Function                                Signal Name
    ----------  ---------  -----------  -------  -------  -----------                                -----------
    A4          InOut      SB_LVCMOS    No       0        Simple Input Output Tristatable by Enable  usb_n   
    B4          InOut      SB_LVCMOS    No       0        Simple Input Output Tristatable by Enable  usb_p   

Detailed Global Buffer Info:
----------------------------
    Buffer Number  IO Bank  Driven By  Fanout  Signal Name                                            
    -------------  -------  ---------  ------  -----------                                            
    3              3                   58      u_usb_cdc.u_sie.clk_gate_0_i_g                         
    1              0                   37      u_usb_cdc.u_sie.clk_gate_g                             
    2              1                   334     u_usb_cdc.rstn_i_g                                     
    7              1                   26      u_usb_cdc.u_ctrl_endp.clk_gate_0_0_g                   
    5              2                   84      u_usb_cdc.u_bulk_endps_0__u_bulk_endp.out_ready_i_1_g  
    4              0                   55      u_usb_cdc.rstn_sq_i_g_0                                
    0              2                   389     clk_div4_g                                             


Router Summary:
---------------
    Status:  Successful
    Runtime: 14 seconds

Routing Resource Utilization:
-----------------------------
              Local line of tile     8464 out of 146184      5.78996%
                          Span 4     2035 out of  29696      6.85277%
                         Span 12      286 out of   5632      5.07812%
                  Global network        8 out of      8      100%
      Vertical Inter-LUT Connect      289 out of   6720      4.3006%

